assert            | debug   | Flowsheet_functions.c:109: Invalid root: (712.866)^(1.00571e+007)
assert            | debug   | Flowsheet_functions.c:109: Invalid root: (466.908)^(2.87066e+006)
assert            | debug   | Flowsheet_functions.c:109: Invalid root: (305.805)^(825763)
assert            | debug   | Flowsheet_functions.c:109: Invalid root: (200.282)^(240224)
assert            | debug   | Flowsheet_functions.c:109: Invalid root: (131.165)^(71007)
assert            | debug   | Flowsheet_functions.c:109: Invalid root: (85.8934)^(21452.3)
assert            | debug   | Flowsheet_functions.c:109: Invalid root: (56.2405)^(6668.85)
assert            | debug   | Flowsheet_functions.c:109: Invalid root: (36.8178)^(2147.33)
assert            | debug   | Flowsheet_functions.c:109: Invalid root: (24.0959)^(719.757)
assert            | debug   | Flowsheet_functions.c:109: Invalid root: (19.59)^(7576.42)
assert            | debug   | Flowsheet_functions.c:109: Invalid root: (12.7171)^(2058.93)
assert            | debug   | Flowsheet_functions.c:109: Invalid root: (8.21543)^(549.703)
assert            | debug   | Flowsheet_functions.c:109: Invalid root: (114.067)^(47708.9)
assert            | debug   | Flowsheet_functions.c:109: Invalid root: (74.7187)^(14552.3)
assert            | debug   | Flowsheet_functions.c:109: Invalid root: (48.9456)^(4579.57)
assert            | debug   | Flowsheet_functions.c:109: Invalid root: (32.0642)^(1496.48)
assert            | debug   | Flowsheet_functions.c:109: Invalid root: (21.0069)^(510.008)
assert            | debug   | Flowsheet_functions.c:109: Invalid root: (17.0732)^(5006.18)
assert            | debug   | Flowsheet_functions.c:109: Invalid root: (11.0996)^(1365.32)
assert            | debug   | Flowsheet_functions.c:109: Invalid root: (7.18692)^(366.664)
assert            | debug   | Flowsheet_functions.c:109: Invalid root: (169.576)^(148432)
assert            | debug   | Flowsheet_functions.c:109: Invalid root: (111.081)^(44251.4)
assert            | debug   | Flowsheet_functions.c:109: Invalid root: (72.7669)^(13523.3)
assert            | debug   | Flowsheet_functions.c:109: Invalid root: (47.6711)^(4266.02)
assert            | debug   | Flowsheet_functions.c:109: Invalid root: (31.2334)^(1398)
assert            | debug   | Flowsheet_functions.c:109: Invalid root: (20.4666)^(477.954)
assert            | debug   | Flowsheet_functions.c:109: Invalid root: (16.6326)^(4626.73)
assert            | debug   | Flowsheet_functions.c:109: Invalid root: (10.816)^(1262.61)
assert            | debug   | Flowsheet_functions.c:109: Invalid root: (233.402)^(374825)
assert            | debug   | Flowsheet_functions.c:109: Invalid root: (152.881)^(110136)
assert            | debug   | Flowsheet_functions.c:109: Invalid root: (100.14)^(33008.3)
assert            | debug   | Flowsheet_functions.c:109: Invalid root: (65.5952)^(10157.3)
assert            | debug   | Flowsheet_functions.c:109: Invalid root: (42.9681)^(3231.41)
assert            | debug   | Flowsheet_functions.c:109: Invalid root: (28.1473)^(1069.18)
assert            | debug   | Flowsheet_functions.c:109: Invalid root: (18.4397)^(369.198)
assert            | debug   | Flowsheet_functions.c:109: Invalid root: (14.9538)^(3356.91)
assert            | debug   | Flowsheet_functions.c:109: Invalid root: (9.70934)^(911.173)
assert            | debug   | Flowsheet_functions.c:109: Invalid root: (102.337)^(35091.6)
assert            | debug   | Flowsheet_functions.c:109: Invalid root: (67.3626)^(10928.2)
assert            | debug   | Flowsheet_functions.c:109: Invalid root: (44.4546)^(3538.18)
assert            | debug   | Flowsheet_functions.c:109: Invalid root: (29.4499)^(1201.03)
assert            | debug   | Flowsheet_functions.c:109: Invalid root: (19.6218)^(430.452)
assert            | debug   | Flowsheet_functions.c:109: Invalid root: (16.3428)^(4388.02)
assert            | debug   | Flowsheet_functions.c:109: Invalid root: (11.0333)^(1340.84)
assert            | debug   | Flowsheet_functions.c:109: Invalid root: (7.5556)^(426.638)
assert            | debug   | Flowsheet_functions.c:109: Invalid root: (109.13)^(42084.8)
assert            | debug   | Flowsheet_functions.c:109: Invalid root: (71.8236)^(13043.9)
assert            | debug   | Flowsheet_functions.c:109: Invalid root: (47.3879)^(4198.31)
assert            | debug   | Flowsheet_functions.c:109: Invalid root: (31.3824)^(1415.35)
assert            | debug   | Flowsheet_functions.c:109: Invalid root: (20.8989)^(503.492)
assert            | debug   | Flowsheet_functions.c:109: Invalid root: (17.4104)^(5310.16)
assert            | debug   | Flowsheet_functions.c:109: Invalid root: (11.7468)^(1620.19)
assert            | debug   | Flowsheet_functions.c:109: Invalid root: (8.03711)^(514.381)
assert            | debug   | Flowsheet_functions.c:109: Invalid root: (15.125)^(3474.19)
stdout            | warning | While solving non-linear system an assertion failed during initialization.
|                 | |       | | The non-linear solver tries to solve the problem that could take some time.
|                 | |       | | It could help to provide better start-values for the iteration variables.
|                 | |       | | For more information simulate with -lv LOG_NLS_V
assert            | debug   | Flowsheet_functions.c:109: Invalid root: (17.7358)^(5614.92)
assert            | debug   | Flowsheet_functions.c:109: Invalid root: (17.7386)^(5617.64)
assert            | debug   | Flowsheet_functions.c:109: Invalid root: (17.7354)^(5614.59)
assert            | debug   | Flowsheet_functions.c:109: Invalid root: (49.2573)^(4658.48)
assert            | debug   | Flowsheet_functions.c:109: Invalid root: (49.4178)^(4699.47)
assert            | debug   | Flowsheet_functions.c:109: Invalid root: (18.6225)^(6504.18)
assert            | debug   | Flowsheet_functions.c:109: Invalid root: (9.57076)^(872.421)
assert            | debug   | Flowsheet_functions.c:109: Invalid root: (7.55695)^(426.87)
assert            | debug   | Flowsheet_functions.c:109: Invalid root: (7.56031)^(427.445)
assert            | debug   | Flowsheet_functions.c:109: Invalid root: (7.55719)^(426.911)
assert            | debug   | Flowsheet_functions.c:109: Invalid root: (7.35281)^(392.9)
assert            | debug   | Flowsheet_functions.c:109: Invalid root: (7.34748)^(392.037)
assert            | debug   | Flowsheet_functions.c:109: Invalid root: (7.7297)^(457.103)
assert            | debug   | Flowsheet_functions.c:109: Invalid root: (7.59437)^(433.302)
assert            | debug   | Flowsheet_functions.c:109: Invalid root: (15.125)^(3474.19)
assert            | debug   | Flowsheet_functions.c:109: Invalid root: (15.125)^(3474.19)
assert            | debug   | Flowsheet_functions.c:109: Invalid root: (7.55695)^(426.87)
assert            | debug   | Flowsheet_functions.c:109: Invalid root: (7.55695)^(426.87)
assert            | debug   | Flowsheet_functions.c:109: Invalid root: (7.55695)^(426.87)
assert            | debug   | Flowsheet_functions.c:109: Invalid root: (7.56031)^(427.445)
assert            | debug   | Flowsheet_functions.c:109: Invalid root: (7.55719)^(426.911)
assert            | debug   | Flowsheet_functions.c:109: Invalid root: (7.35281)^(392.9)
assert            | debug   | Flowsheet_functions.c:109: Invalid root: (7.34748)^(392.037)
assert            | debug   | Flowsheet_functions.c:109: Invalid root: (7.7297)^(457.103)
assert            | debug   | Flowsheet_functions.c:109: Invalid root: (7.59437)^(433.302)
assert            | debug   | Flowsheet_functions.c:109: Invalid root: (15.125)^(3474.19)
assert            | debug   | Flowsheet_functions.c:109: Invalid root: (15.125)^(3474.19)
assert            | debug   | Flowsheet_functions.c:109: Invalid root: (7.55695)^(426.87)
assert            | debug   | Flowsheet_functions.c:109: Invalid root: (15.1193)^(3470.22)
assert            | debug   | Flowsheet_functions.c:109: Invalid root: (7.55695)^(426.869)
assert            | debug   | Flowsheet_functions.c:109: Invalid root: (7.56031)^(427.444)
assert            | debug   | Flowsheet_functions.c:109: Invalid root: (7.55719)^(426.911)
assert            | debug   | Flowsheet_functions.c:109: Invalid root: (7.35281)^(392.899)
assert            | debug   | Flowsheet_functions.c:109: Invalid root: (7.34747)^(392.037)
assert            | debug   | Flowsheet_functions.c:109: Invalid root: (7.72969)^(457.102)
assert            | debug   | Flowsheet_functions.c:109: Invalid root: (7.59437)^(433.301)
assert            | debug   | Flowsheet_functions.c:109: Invalid root: (15.125)^(3474.19)
assert            | debug   | Flowsheet_functions.c:109: Invalid root: (15.125)^(3474.19)
assert            | debug   | Flowsheet_functions.c:109: Invalid root: (7.55695)^(426.869)
assert            | debug   | Flowsheet_functions.c:109: Invalid root: (15.1353)^(3481.33)
assert            | debug   | Flowsheet_functions.c:109: Invalid root: (7.55695)^(426.869)
assert            | debug   | Flowsheet_functions.c:109: Invalid root: (7.56031)^(427.444)
assert            | debug   | Flowsheet_functions.c:109: Invalid root: (7.55719)^(426.911)
assert            | debug   | Flowsheet_functions.c:109: Invalid root: (7.35281)^(392.899)
assert            | debug   | Flowsheet_functions.c:109: Invalid root: (7.34747)^(392.037)
assert            | debug   | Flowsheet_functions.c:109: Invalid root: (7.72969)^(457.102)
assert            | debug   | Flowsheet_functions.c:109: Invalid root: (7.59437)^(433.301)
assert            | debug   | Flowsheet_functions.c:109: Invalid root: (15.125)^(3474.19)
assert            | debug   | Flowsheet_functions.c:109: Invalid root: (15.125)^(3474.19)
assert            | debug   | Flowsheet_functions.c:109: Invalid root: (7.55695)^(426.869)
assert            | debug   | Flowsheet_functions.c:109: Invalid root: (7.55695)^(426.869)
assert            | debug   | Flowsheet_functions.c:109: Invalid root: (7.56031)^(427.444)
assert            | debug   | Flowsheet_functions.c:109: Invalid root: (7.55719)^(426.911)
assert            | debug   | Flowsheet_functions.c:109: Invalid root: (7.35281)^(392.899)
assert            | debug   | Flowsheet_functions.c:109: Invalid root: (7.34747)^(392.037)
assert            | debug   | Flowsheet_functions.c:109: Invalid root: (7.72969)^(457.102)
assert            | debug   | Flowsheet_functions.c:109: Invalid root: (7.59437)^(433.301)
assert            | debug   | Flowsheet_functions.c:109: Invalid root: (15.125)^(3474.19)
assert            | debug   | Flowsheet_functions.c:109: Invalid root: (15.125)^(3474.19)
assert            | debug   | Flowsheet_functions.c:109: Invalid root: (7.55695)^(426.869)
assert            | debug   | Flowsheet_functions.c:109: Invalid root: (11.7811)^(1634.55)
LOG_SUCCESS       | info    | The initialization finished successfully without homotopy method.
LOG_SUCCESS       | info    | The simulation finished successfully.
